make.exe all --print-data-base --no-builtin-variables --no-builtin-rules --question
# GNU Make 4.4.1
# Built for Windows32
# Copyright (C) 1988-2023 Free Software Foundation, Inc.
# License GPLv3+: GNU GPL version 3 or later <https://gnu.org/licenses/gpl.html>
# This is free software: you are free to change and redistribute it.
# There is NO WARRANTY, to the extent permitted by law.

# Make data base, printed on Thu Feb 13 11:55:12 2025

# Variables

# environment
SYSTEMDRIVE = C:
# environment
LC_ALL = C
# environment
VSCEXT_EXHORT_SKOPEO_PATH = skopeo
# environment
USERPROFILE = C:\Users 
\gilli
# environment
LOCALAPPDATA = C:\Users\gilli\AppData\Local
# environment
WSLENV = WT_SESSION:WT_PROFILE_ID:
# environment
VSCODE_CRASH_REPORTER_PROCESS_TYPE = extensionHost
# environment
VSCODE_CWD = D:\Files\Documents\Uni RSE
# environment
VSCEXT_EXHORT_IMAGE_PLATFORM = 
# environment
CHOCOLATEYINSTALL = C:\ProgramData\chocolatey
# environment
SYSTEMROOT = C:\WINDOWS
# environment
PROCESSOR_LEVEL = 23
# environment
PSMODULEPATH = C:\Users\gilli\Documents\WindowsPowerShell\Modules;C:\Program Files\WindowsPowerShell\Modules;C:\WINDOWS\system32\WindowsPowerShell\v1.0\Modules
# environment
VSCEXT_EXHORT_GRADLE_PATH = gradle
# environment
VSCEXT_TRACK_RECOMMENDATION_ACCEPTANCE_COMMAND = rhda.trackRecommendationAcceptance
# environment
GOOGLE_API_KEY = no
# default
MAKE_COMMAND := C:/ProgramData/chocolatey/lib/make/tools/install/bin/make.exe
# environment
GPU_FORCE_64BIT_PTR = 0
# environment
GOPATH = C:\Users\gilli\go
# automatic
@D = $(patsubst %/,%,$(patsubst %\,%,$(dir $@)))
# environment
VSCEXT_EXHORT_SYFT_CONFIG_PATH = 
# environment
CHROME_CRASHPAD_PIPE_NAME = \\.\pipe\crashpad_19268_ACIZCEMDFCQPMPVP
# environment
VSCEXT_EXHORT_PIP_PATH = pip
# environment
VSCODE_HANDLES_UNCAUGHT_ERRORS = true
# default
.VARIABLES := 
# automatic
%D = $(patsubst %/,%,$(patsubst %\,%,$(dir $%)))
# environment
GPU_MAX_HEAP_SIZE = 100
# environment
VSCEXT_EXHORT_MVN_PATH = mvn
# automatic
^D = $(patsubst %/,%,$(patsubst %\,%,$(dir $^)))
# automatic
%F = $(notdir $%)
# environment
VSCODE_CODE_CACHE_PATH = C:\Users\gilli\AppData\Roaming\Code\CachedData\e249dada235c2083c83813bd65b7f4707fb97b76
# environment
LANG = C
# default
.LOADED := 
# environment
TMP = C:\Users\gilli\AppData\Local\Temp
# default
.INCLUDE_DIRS := .
# environment
PROCESSOR_ARCHITEW6432 = AMD64
# makefile
MAKEFLAGS = pqrR
# environment
ONEDRIVE = C:\Users\gilli\OneDrive
# makefile
CURDIR := d:/Files/Documents/Uni RSE/osMUD-UI
# environment
VSCEXT_EXHORT_GO_PATH = go
# environment
APPLICATION_INSIGHTS_NO_DIAGNOSTIC_CHANNEL = true
# automatic
*D = $(patsubst %/,%,$(patsubst %\,%,$(dir $*)))
# environment
VSCEXT_EXHORT_PYTHON_PATH = python
# environment
PROGRAMFILES = C:\Program Files (x86)
# environment
MFLAGS = -pqrR
# default
.SHELLFLAGS := -c
# environment
COMMONPROGRAMW6432 = C:\Program Files\Common Files
# automatic
+D = $(patsubst %/,%,$(patsubst %\,%,$(dir $+)))
# makefile (from 'Makefile', line 1)
MAKEFILE_LIST := Makefile
# environment
VSCEXT_EXHORT_PODMAN_PATH = podman
# automatic
@F = $(notdir $@)
# environment
VSCODE_PID = 19268
# environment
CUDA_PATH = Z:\NVIDIA\NVIDIA GPU Computing Toolkit\CUDA\v12.6
# environment
__PSLOCKDOWNPOLICY = 0
# automatic
?D = $(patsubst %/,%,$(patsubst %\,%,$(dir $?)))
# environment
GOOGLE_DEFAULT_CLIENT_ID = no
# environment
VSCEXT_EXHORT_PIP3_PATH = pip3
# environment
DYLD_LIBRARY_PATH = C:\ProgramFiles\MySQL\MySQL Server 5.5\lib
# environment
WT_PROFILE_ID = {61c54bbd-c2c6-5271-96e7-009a87ff44bf}
# automatic
*F = $(notdir $*)
# environment
VSCEXT_EXHORT_SYFT_PATH = syft
# environment
CUDA_PATH_V12_6 = Z:\NVIDIA\NVIDIA GPU Computing Toolkit\CUDA\v12.6
# environment
GPU_SINGLE_ALLOC_PERCENT = 100
# automatic
<D = $(patsubst %/,%,$(patsubst %\,%,$(dir $<)))
# environment
VSCODE_NLS_CONFIG = {"userLocale":"en-us","osLocale":"en-gb","resolvedLanguage":"en","defaultMessagesFile":"D:\\Files\\Programs\\Utilities\\Microsoft VS Code\\resources\\app\\out\\nls.messages.json","locale":"en-us","availableLanguages":{}}
# environment
AMDRMPATH = C:\Program Files\AMD\RyzenMaster\
# default
MAKE_HOST := Windows32
# environment
GPU_USE_SYNC_OBJECTS = 1
# environment
PROGRAMDATA = C:\ProgramData
# default
SHELL := sh.exe
# environment
HOMEPATH = \Users\gilli
# default
MAKECMDGOALS := all
# environment
DRIVERDATA = C:\Windows\System32\Drivers\DriverData
# environment
COMSPEC = C:\WINDOWS\system32\cmd.exe
# environment
WINDIR = C:\WINDOWS
# environment
GPU_MAX_ALLOC_PERCENT = 100
# environment
MAKELEVEL := 0
# default
MAKE = $(MAKE_COMMAND)
# environment
PATH = Z:\NVIDIA\NVIDIA GPU Computing Toolkit\CUDA\v12.6\bin;Z:\NVIDIA\NVIDIA GPU Computing Toolkit\CUDA\v12.6\libnvvp;C:\Program Files\Eclipse Adoptium\jdk-8.0.322.6-hotspot\bin;C:\Program Files\AdoptOpenJDK\jdk-11.0.9.101-hotspot\bin;C:\Program Files (x86)\Common Files\Oracle\Java\javapath;D:\Files\Programs\Utilities\Python\Scripts\;D:\Files\Programs\Utilities\Python\;C:\ProgramData\Oracle\Java\javapath;C:\Windows\system32;C:\Windows;C:\Windows\System32\Wbem;C:\Windows\System32\WindowsPowerShell\v1.0\;C:\Program Files (x86)\GtkSharp\2.12\bin;C:\WINDOWS\system32;C:\WINDOWS;C:\WINDOWS\System32\Wbem;C:\WINDOWS\System32\WindowsPowerShell\v1.0\;C:\Program Files\dotnet\;C:\Program Files (x86)\OpenVPN\bin;C:\WINDOWS\System32\OpenSSH\;D:\Files\Programs\Utilities\MATLAB\bin;C:\WINDOWS\system32;C:\WINDOWS;C:\WINDOWS\System32\Wbem;C:\WINDOWS\System32\WindowsPowerShell\v1.0\;C:\WINDOWS\System32\OpenSSH\;D:\Files\Programs\Utilities\PuTTY\;C:\Program Files (x86)\STMicroelectronics\STM32 ST-LINK Utility\ST-LINK Utility;D:\Files\Programs\Utilities\Node.js\;C:\Program Files (x86)\NVIDIA Corporation\PhysX\Common;C:\Program Files (x86)\Windows Kits\10\Windows Performance Toolkit\;D:\Files\Programs\Utilities\FlutterSDK\flutter\bin;C:\ProgramData\chocolatey\bin;C:\Program Files\Go\bin;D:\Files\Programs\Utilities\Git\cmd;C:\Program Files\NVIDIA Corporation\Nsight Compute 2024.3.0\;C:\Program Files\NVIDIA Corporation\NVIDIA app\NvDLISR;C:\Ruby31-x64\bin;C:\Users\gilli\AppData\Local\Programs\Python\Python312\Scripts\;C:\Users\gilli\AppData\Local\Programs\Python\Python312\;C:\Users\gilli\Python\Scripts\;C:\Users\gilli\Python\;C:\Users\gilli\AppData\Local\Microsoft\WindowsApps;C:\ProgramFiles\MySQL\MySQL Server 5.5\bin;C:\Users\gilli\AppData\Local\Microsoft\WindowsApps;D:\Files\Programs\Utilities\Microsoft VS Code\bin;D:\Files\Programs\Utilities\TexLive\2021\bin\win32;C:\Users\gilli\AppData\Local\GitHubDesktop\bin;C:\Users\gilli\AppData\Roaming\npm;C:\Users\gilli\.dotnet\tools;C:\msys64\ucrt64\bin;D:\Files\Programs\Utilities\FlutterSDK\flutter\bin;C:\Users\gilli\go\bin;Z:\NVIDIA\NVIDIA GPU Computing Toolkit\CUDA\v12.6\bin;Z:\N 
VIDIA\NVIDIA GPU Computing Toolkit\CUDA\v12.6\libnvvp;
# environment
COMPUTERNAME = PETER-DESKTOP
# default
MAKEFILES := 
# automatic
^F = $(notdir $^)
# environment
PROMPT = $P$G
# environment
CHOCOLATEYLASTPATHUPDATE = 133577388350550848
# environment
VSCEXT_USE_PIP_DEP_TREE = false
# environment
WT_SESSION = 1cb2c3ac-0159-4217-a149-9276835ec27a
# environment
LOGONSERVER = \\PETER-DESKTOP
# environment
VSCEXT_TELEMETRY_ID = 0cd81c43-7c83-4e0b-80da-1703963fce32
# environment
USERNAME = gilli
# environment
VSCEXT_EXHORT_DOCKER_PATH = docker
# environment
COMMONPROGRAMFILES = C:\Program Files (x86)\Common Files
# environment
VSCEXT_STACK_ANALYSIS_COMMAND = rhda.stackAnalysis
# automatic
?F = $(notdir $?)
# environment
PROGRAMW6432 = C:\Program Files
# environment
PATHEXT = .COM;.EXE;.BAT;.CMD;.VBS;.VBE;.JS;.JSE;.WSF;.WSH;.MSC;.RB;.RBW;.CPL
# environment
VSCEXT_EXHORT_NPM_PATH = npm
# automatic
+F = $(notdir $+)
# environment
ORIGINAL_XDG_CURRENT_DESKTOP = undefined
# environment
USERDOMAIN = PETER-DESKTOP
# 'override' directive
GNUMAKEFLAGS := 
# environment
OS = Windows_NT
# environment
VSCEXT_EXHORT_SKOPEO_CONFIG_PATH = 
# environment
VSCEXT_USE_PYTHON_VIRTUAL_ENVIRONMENT = false
# environment
VSCEXT_MATCH_MANIFEST_VERSIONS = true
# makefile
.DEFAULT_GOAL := all
# environment
VSCEXT_VULNERABILITY_ALERT_SEVERITY = Error
# default
MAKE_VERSION := 4.4.1
# environment
VSCEXT_UTM_SOURCE = vscode
# environment
PROGRAMFILES(X86) = C:\Program Files (x86)
# environment
PROG27B48B2C052 = 1
# environment
USERDOMAIN_ROAMINGPROFILE = PETER-DESKTOP
# environment
NUMBER_OF_PROCESSORS = 12
# environment
PUBLIC = C:\Users\Public
# environment
MOZ_PLUGIN_PATH = C:\Program Files (x86)\Foxit Software\Foxit Reader\plugins\
# environment
APPDATA = C:\Users\gilli\AppData\Roaming
# environment
HOMEDRIVE = C:
# environment
PROCESSOR_ARCHITECTURE = x86
# environment
VSCEXT_EXHORT_PYTHON3_PATH = python3
# environment
VSCEXT_ENABLE_PYTHON_BEST_EFFORTS_INSTALLATION = false
# makefile (from 'Makefile', line 2)
BUILD_DIR = bin
# environment
COMMONPROGRAMFILES(X86) = C:\Program Files (x86)\Common Files
# environment
ELECTRON_RUN_AS_NODE = 1
# environment
TEMP = C:\Users\gilli\AppData\Local\Temp
# environment
VSCODE_IPC_HOOK = \\.\pipe\974b9a9c-1.97.1-main-sock
# environment
GOOGLE_DEFAULT_CLIENT_SECRET = no
# environment
VSCEXT_USE_GO_MVS = false
# default
.RECIPEPREFIX := 
# automatic
<F = $(notdir $<)
# environment
CSSCRIPT_INC = C:\ProgramData\cs-script\inc
# default
SUFFIXES := 
# environment
ALLUSERSPROFILE = C:\ProgramData
# environment
SESSIONNAME = Console
# environment
VSCODE_CLI = 1
# environment
ELECTRON_NO_ATTACH_CONSOLE = 1
# default
.FEATURES := target-specific order-only second-expansion else-if shortest-stem undefine oneshell nocomment grouped-target extra-prereqs notintermediate shell-export archives jobserver output-sync load dospaths
# environment
PROCESSOR_REVISION = 0101
# environment
VSCODE_ESM_ENTRYPOINT = vs/workbench/api/node/extensionHostProcess
# environment
PROCESSOR_IDENTIFIER = AMD64 Family 23 Model 1 Stepping 1, Auth 
enticAMD
# variable set hash-table stats:
# Load=138/1024=13%, Rehash=0, Collisions=13/170=8%

# Pattern-specific Variable Values

# No pattern-specific variable values.

# Directories

# . (key d:/Files/Documents/Uni RSE/osMUD-UI, mtime 1739447591): 19 files, no impossibilities.

# 19 files, no impossibilities in 1 directories.

# Implicit Rules

# No implicit rules.

# Files

# Not a target:
Makefile:
#  Implicit rule search has been done.
#  File is secondary (prerequisite of .SECONDARY).
#  Last modified 2025-02-13 11:53:11
#  File has been updated.
#  Successfully updated.

clean:
#  Implicit rule search has not been done.
#  Modification time never checked.
#  File has not been updated.
#  recipe to execute (from 'Makefile', line 15):
	mkdir -p ${BUILD_DIR}
	rm -r ${BUILD_DIR}

# Not a target:
.DEFAULT:
#  Implicit rule search has not been done.
#  Modification time never checked.
#  File has not been updated.

all: dhcp_mock.build api.build
#  Command line target.
#  Implicit rule search has been done.
#  File does not exist.
#  File has been updated.
#  Needs to be updated (-q is set).
# variable set hash-table stats:
# Load=0/32=0%, Rehash=0, Collisions=0/4=0%

api.build:
#  Implicit rule search has not been done.
#  Modification time never checked.
#  File has not been updated.
#  recipe to execute (from 'Makefile', line 12):
	go build -o ${BUILD_DIR}/api ./api

dhcp_mock.build:
#  Implicit rule search has not been done.
#  Implicit/static pattern stem: ''
#  File does not exist.
#  File has been updated.
#  Needs to be updated (-q is set).
# automatic
# @ := dhcp_mock.build
# automatic
# * := 
# automatic
# < := 
# automatic
# + := 
# automatic
# % := 
# automatic
# ^ := 
# automatic
# ? := 
# automatic
# | := 
# variable set hash-table stats:
# Load=8/32=25%, Rehash=0, Collisions=2/12=17%
#  recipe to execute (from 'Makefile', line 7):
	env CC=arm-linux-gnueabi-gcc CGO_ENABLED=0 GOOS=linux GOARCH=arm GOARM=7  \
                go build -o ${BUILD_DIR}/dhcp_mock -ldflags "-linkmode 'internal' -extldflags '-static'"\
                -tags sqlite_omit_load_extension ./tools/dhcp_mock

# Not a target:
.SUFFIXES:
#  Implicit rule search has not been done.
#  Modification time never checked.
#  File has not been updated.

# files hash-table stats:
# Load=7/1024=1%, Rehash=0, Collisions=0/24=0%
# VPATH Search Paths

# No 'vpath' search paths.

# No general ('VPATH' variable) search path.

# strcache buffers: 1 (0) / strings = 25 / storage = 200 B / avg = 8 B
# current buf: size = 8174 B / used = 200 B / count  
= 25 / avg = 8 B

# strcache performance: lookups = 37 / hit rate = 32%
# hash-table stats:
# Load=25/8192=0%, Rehash=0, Collisions=0/37=0%
# Finished Make data base on Thu Feb 13 11:55:12 2025

 
